/*C22*/SET SCHEMA PUBLIC
drop table domain_event_entry if exists
SET SCHEMA SYSTEM_LOBS
DELETE FROM LOB_IDS WHERE LOB_ID=71
INSERT INTO LOB_IDS VALUES(71,12,0,30)
DELETE FROM LOB_IDS WHERE LOB_ID=72
INSERT INTO LOB_IDS VALUES(72,282,0,30)
DELETE FROM LOB_IDS WHERE LOB_ID=73
INSERT INTO LOB_IDS VALUES(73,12,0,30)
DELETE FROM LOB_IDS WHERE LOB_ID=74
INSERT INTO LOB_IDS VALUES(74,473,0,30)
COMMIT
SET SCHEMA PUBLIC
drop table snapshot_event_entry if exists
create table domain_event_entry (global_index bigint generated by default as identity (start with 1), event_identifier varchar(255) not null, meta_data blob(255), payload blob(255) not null, payload_revision varchar(255), payload_type varchar(255) not null, time_stamp varchar(255) not null, aggregate_identifier varchar(255) not null, sequence_number bigint not null, type varchar(255) not null, primary key (global_index))
create table snapshot_event_entry (aggregate_identifier varchar(255) not null, sequence_number bigint not null, type varchar(255) not null, event_identifier varchar(255) not null, meta_data blob(255), payload blob(255) not null, payload_revision varchar(255), payload_type varchar(255) not null, time_stamp varchar(255) not null, primary key (aggregate_identifier, sequence_number, type))
alter table domain_event_entry add constraint UK8s1f994p4la2ipb13me2xqm1w unique (aggregate_identifier, sequence_number)
alter table domain_event_entry add constraint UK_fwe6lsa8bfo6hyas6ud3m8c7x unique (event_identifier)
alter table snapshot_event_entry add constraint UK_e1uucjseo68gopmnd0vgdl44h unique (event_identifier)
/*C1*/SET SCHEMA SYSTEM_LOBS
INSERT INTO LOB_IDS VALUES(75,12,0,30)
ALTER SEQUENCE SYSTEM_LOBS.LOB_ID RESTART WITH 76
COMMIT
DELETE FROM BLOCKS WHERE BLOCK_ADDR=74
INSERT INTO BLOCKS VALUES(74,1,0)
INSERT INTO BLOCKS VALUES(75,2147483572,0)
DELETE FROM BLOCKS WHERE BLOCK_ADDR=74
INSERT INTO LOBS VALUES(74,1,0,75)
COMMIT
INSERT INTO LOB_IDS VALUES(76,282,0,30)
ALTER SEQUENCE SYSTEM_LOBS.LOB_ID RESTART WITH 77
COMMIT
DELETE FROM BLOCKS WHERE BLOCK_ADDR=75
INSERT INTO BLOCKS VALUES(75,1,0)
INSERT INTO BLOCKS VALUES(76,2147483571,0)
DELETE FROM BLOCKS WHERE BLOCK_ADDR=75
INSERT INTO LOBS VALUES(75,1,0,76)
COMMIT
/*C22*/INSERT INTO DOMAIN_EVENT_ENTRY VALUES(1,'4ca44ea7-1268-4e3f-bf20-4de61b43224c',75,76,NULL,'com.thoughtworks.domain.event.OrderCreatedEvent','2017-01-18T09:23:17.917Z','6aee5ea8-4d1c-427a-bdd4-7dd41bb49132',0,'Order')
SET SCHEMA SYSTEM_LOBS
DELETE FROM LOB_IDS WHERE LOB_ID=75
INSERT INTO LOB_IDS VALUES(75,12,1,30)
DELETE FROM LOB_IDS WHERE LOB_ID=76
INSERT INTO LOB_IDS VALUES(76,282,1,30)
COMMIT
/*C1*/INSERT INTO LOB_IDS VALUES(77,12,0,30)
ALTER SEQUENCE SYSTEM_LOBS.LOB_ID RESTART WITH 78
COMMIT
DELETE FROM BLOCKS WHERE BLOCK_ADDR=76
INSERT INTO BLOCKS VALUES(76,1,0)
INSERT INTO BLOCKS VALUES(77,2147483570,0)
DELETE FROM BLOCKS WHERE BLOCK_ADDR=76
INSERT INTO LOBS VALUES(76,1,0,77)
COMMIT
INSERT INTO LOB_IDS VALUES(78,473,0,30)
ALTER SEQUENCE SYSTEM_LOBS.LOB_ID RESTART WITH 79
COMMIT
DELETE FROM BLOCKS WHERE BLOCK_ADDR=77
INSERT INTO BLOCKS VALUES(77,1,0)
INSERT INTO BLOCKS VALUES(78,2147483569,0)
DELETE FROM BLOCKS WHERE BLOCK_ADDR=77
INSERT INTO LOBS VALUES(77,1,0,78)
COMMIT
/*C22*/SET SCHEMA PUBLIC
INSERT INTO DOMAIN_EVENT_ENTRY VALUES(2,'780f0926-824e-4868-9283-834ac2659759',77,78,NULL,'com.thoughtworks.domain.event.OrderItemAssociatedToSKUEvent','2017-01-18T09:23:18.323Z','6aee5ea8-4d1c-427a-bdd4-7dd41bb49132',1,'Order')
SET SCHEMA SYSTEM_LOBS
DELETE FROM LOB_IDS WHERE LOB_ID=77
INSERT INTO LOB_IDS VALUES(77,12,1,30)
DELETE FROM LOB_IDS WHERE LOB_ID=78
INSERT INTO LOB_IDS VALUES(78,473,1,30)
COMMIT
/*C1*/INSERT INTO LOB_IDS VALUES(79,12,0,30)
ALTER SEQUENCE SYSTEM_LOBS.LOB_ID RESTART WITH 80
COMMIT
DELETE FROM BLOCKS WHERE BLOCK_ADDR=78
INSERT INTO BLOCKS VALUES(78,1,0)
INSERT INTO BLOCKS VALUES(79,2147483568,0)
DELETE FROM BLOCKS WHERE BLOCK_ADDR=78
INSERT INTO LOBS VALUES(78,1,0,79)
COMMIT
INSERT INTO LOB_IDS VALUES(80,282,0,30)
ALTER SEQUENCE SYSTEM_LOBS.LOB_ID RESTART WITH 81
COMMIT
DELETE FROM BLOCKS WHERE BLOCK_ADDR=79
INSERT INTO BLOCKS VALUES(79,1,0)
INSERT INTO BLOCKS VALUES(80,2147483567,0)
DELETE FROM BLOCKS WHERE BLOCK_ADDR=79
INSERT INTO LOBS VALUES(79,1,0,80)
COMMIT
/*C22*/SET SCHEMA PUBLIC
INSERT INTO DOMAIN_EVENT_ENTRY VALUES(3,'763824a8-339f-4f53-b6db-ba0f7a67550f',79,80,NULL,'com.thoughtworks.domain.event.OrderCreatedEvent','2017-01-18T09:28:28.613Z','173cc974-b6ab-4e3d-9798-4c93b52c6660',0,'Order')
SET SCHEMA SYSTEM_LOBS
DELETE FROM LOB_IDS WHERE LOB_ID=79
INSERT INTO LOB_IDS VALUES(79,12,1,30)
DELETE FROM LOB_IDS WHERE LOB_ID=80
INSERT INTO LOB_IDS VALUES(80,282,1,30)
COMMIT
/*C1*/INSERT INTO LOB_IDS VALUES(81,12,0,30)
ALTER SEQUENCE SYSTEM_LOBS.LOB_ID RESTART WITH 82
COMMIT
DELETE FROM BLOCKS WHERE BLOCK_ADDR=80
INSERT INTO BLOCKS VALUES(80,1,0)
INSERT INTO BLOCKS VALUES(81,2147483566,0)
DELETE FROM BLOCKS WHERE BLOCK_ADDR=80
INSERT INTO LOBS VALUES(80,1,0,81)
COMMIT
INSERT INTO LOB_IDS VALUES(82,473,0,30)
ALTER SEQUENCE SYSTEM_LOBS.LOB_ID RESTART WITH 83
COMMIT
DELETE FROM BLOCKS WHERE BLOCK_ADDR=81
INSERT INTO BLOCKS VALUES(81,1,0)
INSERT INTO BLOCKS VALUES(82,2147483565,0)
DELETE FROM BLOCKS WHERE BLOCK_ADDR=81
INSERT INTO LOBS VALUES(81,1,0,82)
COMMIT
/*C22*/SET SCHEMA PUBLIC
INSERT INTO DOMAIN_EVENT_ENTRY VALUES(4,'bb2a1964-f4b7-4d7e-87b2-5b730e285bb2',81,82,NULL,'com.thoughtworks.domain.event.OrderItemAssociatedToSKUEvent','2017-01-18T09:28:28.643Z','173cc974-b6ab-4e3d-9798-4c93b52c6660',1,'Order')
SET SCHEMA SYSTEM_LOBS
DELETE FROM LOB_IDS WHERE LOB_ID=81
INSERT INTO LOB_IDS VALUES(81,12,1,30)
DELETE FROM LOB_IDS WHERE LOB_ID=82
INSERT INTO LOB_IDS VALUES(82,473,1,30)
COMMIT
/*C1*/INSERT INTO LOB_IDS VALUES(83,12,0,30)
ALTER SEQUENCE SYSTEM_LOBS.LOB_ID RESTART WITH 84
COMMIT
DELETE FROM BLOCKS WHERE BLOCK_ADDR=82
INSERT INTO BLOCKS VALUES(82,1,0)
INSERT INTO BLOCKS VALUES(83,2147483564,0)
DELETE FROM BLOCKS WHERE BLOCK_ADDR=82
INSERT INTO LOBS VALUES(82,1,0,83)
COMMIT
INSERT INTO LOB_IDS VALUES(84,282,0,30)
ALTER SEQUENCE SYSTEM_LOBS.LOB_ID RESTART WITH 85
COMMIT
DELETE FROM BLOCKS WHERE BLOCK_ADDR=83
INSERT INTO BLOCKS VALUES(83,1,0)
INSERT INTO BLOCKS VALUES(84,2147483563,0)
DELETE FROM BLOCKS WHERE BLOCK_ADDR=83
INSERT INTO LOBS VALUES(83,1,0,84)
COMMIT
/*C22*/SET SCHEMA PUBLIC
INSERT INTO DOMAIN_EVENT_ENTRY VALUES(5,'e1c97bee-1eb9-42a8-bb3d-7418afc41945',83,84,NULL,'com.thoughtworks.domain.event.OrderCreatedEvent','2017-01-18T09:29:02.093Z','1610bd33-960b-4a0b-b824-0156360e2890',0,'Order')
SET SCHEMA SYSTEM_LOBS
DELETE FROM LOB_IDS WHERE LOB_ID=83
INSERT INTO LOB_IDS VALUES(83,12,1,30)
DELETE FROM LOB_IDS WHERE LOB_ID=84
INSERT INTO LOB_IDS VALUES(84,282,1,30)
COMMIT
/*C1*/INSERT INTO LOB_IDS VALUES(85,12,0,30)
ALTER SEQUENCE SYSTEM_LOBS.LOB_ID RESTART WITH 86
COMMIT
DELETE FROM BLOCKS WHERE BLOCK_ADDR=84
INSERT INTO BLOCKS VALUES(84,1,0)
INSERT INTO BLOCKS VALUES(85,2147483562,0)
DELETE FROM BLOCKS WHERE BLOCK_ADDR=84
INSERT INTO LOBS VALUES(84,1,0,85)
COMMIT
INSERT INTO LOB_IDS VALUES(86,473,0,30)
ALTER SEQUENCE SYSTEM_LOBS.LOB_ID RESTART WITH 87
COMMIT
DELETE FROM BLOCKS WHERE BLOCK_ADDR=85
INSERT INTO BLOCKS VALUES(85,1,0)
INSERT INTO BLOCKS VALUES(86,2147483561,0)
DELETE FROM BLOCKS WHERE BLOCK_ADDR=85
INSERT INTO LOBS VALUES(85,1,0,86)
COMMIT
/*C22*/SET SCHEMA PUBLIC
INSERT INTO DOMAIN_EVENT_ENTRY VALUES(6,'25c621a2-4d90-40f6-9bc6-4707331a5c31',85,86,NULL,'com.thoughtworks.domain.event.OrderItemAssociatedToSKUEvent','2017-01-18T09:29:02.126Z','1610bd33-960b-4a0b-b824-0156360e2890',1,'Order')
SET SCHEMA SYSTEM_LOBS
DELETE FROM LOB_IDS WHERE LOB_ID=85
INSERT INTO LOB_IDS VALUES(85,12,1,30)
DELETE FROM LOB_IDS WHERE LOB_ID=86
INSERT INTO LOB_IDS VALUES(86,473,1,30)
COMMIT
/*C1*/INSERT INTO LOB_IDS VALUES(87,12,0,30)
ALTER SEQUENCE SYSTEM_LOBS.LOB_ID RESTART WITH 88
COMMIT
DELETE FROM BLOCKS WHERE BLOCK_ADDR=86
INSERT INTO BLOCKS VALUES(86,1,0)
INSERT INTO BLOCKS VALUES(87,2147483560,0)
DELETE FROM BLOCKS WHERE BLOCK_ADDR=86
INSERT INTO LOBS VALUES(86,1,0,87)
COMMIT
INSERT INTO LOB_IDS VALUES(88,282,0,30)
ALTER SEQUENCE SYSTEM_LOBS.LOB_ID RESTART WITH 89
COMMIT
DELETE FROM BLOCKS WHERE BLOCK_ADDR=87
INSERT INTO BLOCKS VALUES(87,1,0)
INSERT INTO BLOCKS VALUES(88,2147483559,0)
DELETE FROM BLOCKS WHERE BLOCK_ADDR=87
INSERT INTO LOBS VALUES(87,1,0,88)
COMMIT
/*C22*/SET SCHEMA PUBLIC
INSERT INTO DOMAIN_EVENT_ENTRY VALUES(7,'3fedd3df-a27b-4cc3-906c-f06497189321',87,88,NULL,'com.thoughtworks.domain.event.OrderCreatedEvent','2017-01-18T09:31:33.462Z','7a4d435e-b467-42ad-bb5a-fce966da5818',0,'Order')
SET SCHEMA SYSTEM_LOBS
DELETE FROM LOB_IDS WHERE LOB_ID=87
INSERT INTO LOB_IDS VALUES(87,12,1,30)
DELETE FROM LOB_IDS WHERE LOB_ID=88
INSERT INTO LOB_IDS VALUES(88,282,1,30)
COMMIT
/*C1*/INSERT INTO LOB_IDS VALUES(89,12,0,30)
ALTER SEQUENCE SYSTEM_LOBS.LOB_ID RESTART WITH 90
COMMIT
DELETE FROM BLOCKS WHERE BLOCK_ADDR=88
INSERT INTO BLOCKS VALUES(88,1,0)
INSERT INTO BLOCKS VALUES(89,2147483558,0)
DELETE FROM BLOCKS WHERE BLOCK_ADDR=88
INSERT INTO LOBS VALUES(88,1,0,89)
COMMIT
INSERT INTO LOB_IDS VALUES(90,473,0,30)
ALTER SEQUENCE SYSTEM_LOBS.LOB_ID RESTART WITH 91
COMMIT
DELETE FROM BLOCKS WHERE BLOCK_ADDR=89
INSERT INTO BLOCKS VALUES(89,1,0)
INSERT INTO BLOCKS VALUES(90,2147483557,0)
DELETE FROM BLOCKS WHERE BLOCK_ADDR=89
INSERT INTO LOBS VALUES(89,1,0,90)
COMMIT
/*C22*/SET SCHEMA PUBLIC
INSERT INTO DOMAIN_EVENT_ENTRY VALUES(8,'427108dc-4b7a-44e7-8e17-29b51833345a',89,90,NULL,'com.thoughtworks.domain.event.OrderItemAssociatedToSKUEvent','2017-01-18T09:31:33.494Z','7a4d435e-b467-42ad-bb5a-fce966da5818',1,'Order')
SET SCHEMA SYSTEM_LOBS
DELETE FROM LOB_IDS WHERE LOB_ID=89
INSERT INTO LOB_IDS VALUES(89,12,1,30)
DELETE FROM LOB_IDS WHERE LOB_ID=90
INSERT INTO LOB_IDS VALUES(90,473,1,30)
COMMIT
/*C1*/INSERT INTO LOB_IDS VALUES(91,12,0,30)
ALTER SEQUENCE SYSTEM_LOBS.LOB_ID RESTART WITH 92
COMMIT
DELETE FROM BLOCKS WHERE BLOCK_ADDR=90
INSERT INTO BLOCKS VALUES(90,1,0)
INSERT INTO BLOCKS VALUES(91,2147483556,0)
DELETE FROM BLOCKS WHERE BLOCK_ADDR=90
INSERT INTO LOBS VALUES(90,1,0,91)
COMMIT
INSERT INTO LOB_IDS VALUES(92,282,0,30)
ALTER SEQUENCE SYSTEM_LOBS.LOB_ID RESTART WITH 93
COMMIT
DELETE FROM BLOCKS WHERE BLOCK_ADDR=91
INSERT INTO BLOCKS VALUES(91,1,0)
INSERT INTO BLOCKS VALUES(92,2147483555,0)
DELETE FROM BLOCKS WHERE BLOCK_ADDR=91
INSERT INTO LOBS VALUES(91,1,0,92)
COMMIT
/*C22*/SET SCHEMA PUBLIC
INSERT INTO DOMAIN_EVENT_ENTRY VALUES(9,'fd2eafca-a0ea-40f4-88d8-79a588ae801c',91,92,NULL,'com.thoughtworks.domain.event.OrderCreatedEvent','2017-01-18T09:34:37.104Z','c0ea7cbc-57dc-4446-8613-45ec3ebcec64',0,'Order')
SET SCHEMA SYSTEM_LOBS
DELETE FROM LOB_IDS WHERE LOB_ID=91
INSERT INTO LOB_IDS VALUES(91,12,1,30)
DELETE FROM LOB_IDS WHERE LOB_ID=92
INSERT INTO LOB_IDS VALUES(92,282,1,30)
COMMIT
/*C1*/INSERT INTO LOB_IDS VALUES(93,12,0,30)
ALTER SEQUENCE SYSTEM_LOBS.LOB_ID RESTART WITH 94
COMMIT
DELETE FROM BLOCKS WHERE BLOCK_ADDR=92
INSERT INTO BLOCKS VALUES(92,1,0)
INSERT INTO BLOCKS VALUES(93,2147483554,0)
DELETE FROM BLOCKS WHERE BLOCK_ADDR=92
INSERT INTO LOBS VALUES(92,1,0,93)
COMMIT
INSERT INTO LOB_IDS VALUES(94,473,0,30)
ALTER SEQUENCE SYSTEM_LOBS.LOB_ID RESTART WITH 95
COMMIT
DELETE FROM BLOCKS WHERE BLOCK_ADDR=93
INSERT INTO BLOCKS VALUES(93,1,0)
INSERT INTO BLOCKS VALUES(94,2147483553,0)
DELETE FROM BLOCKS WHERE BLOCK_ADDR=93
INSERT INTO LOBS VALUES(93,1,0,94)
COMMIT
/*C22*/SET SCHEMA PUBLIC
INSERT INTO DOMAIN_EVENT_ENTRY VALUES(10,'fc224a30-c458-4b6f-934c-3a22f938c37c',93,94,NULL,'com.thoughtworks.domain.event.OrderItemAssociatedToSKUEvent','2017-01-18T09:34:37.134Z','c0ea7cbc-57dc-4446-8613-45ec3ebcec64',1,'Order')
SET SCHEMA SYSTEM_LOBS
DELETE FROM LOB_IDS WHERE LOB_ID=93
INSERT INTO LOB_IDS VALUES(93,12,1,30)
DELETE FROM LOB_IDS WHERE LOB_ID=94
INSERT INTO LOB_IDS VALUES(94,473,1,30)
COMMIT
/*C1*/INSERT INTO LOB_IDS VALUES(95,12,0,30)
ALTER SEQUENCE SYSTEM_LOBS.LOB_ID RESTART WITH 96
COMMIT
DELETE FROM BLOCKS WHERE BLOCK_ADDR=94
INSERT INTO BLOCKS VALUES(94,1,0)
INSERT INTO BLOCKS VALUES(95,2147483552,0)
DELETE FROM BLOCKS WHERE BLOCK_ADDR=94
INSERT INTO LOBS VALUES(94,1,0,95)
COMMIT
INSERT INTO LOB_IDS VALUES(96,282,0,30)
ALTER SEQUENCE SYSTEM_LOBS.LOB_ID RESTART WITH 97
COMMIT
DELETE FROM BLOCKS WHERE BLOCK_ADDR=95
INSERT INTO BLOCKS VALUES(95,1,0)
INSERT INTO BLOCKS VALUES(96,2147483551,0)
DELETE FROM BLOCKS WHERE BLOCK_ADDR=95
INSERT INTO LOBS VALUES(95,1,0,96)
COMMIT
/*C22*/SET SCHEMA PUBLIC
INSERT INTO DOMAIN_EVENT_ENTRY VALUES(11,'3ae6dcbb-be6c-4374-bdac-35456bac1797',95,96,NULL,'com.thoughtworks.domain.event.OrderCreatedEvent','2017-01-18T09:54:43.854Z','0893ce67-9491-431a-8d56-2bcb20e7a9b5',0,'Order')
SET SCHEMA SYSTEM_LOBS
DELETE FROM LOB_IDS WHERE LOB_ID=95
INSERT INTO LOB_IDS VALUES(95,12,1,30)
DELETE FROM LOB_IDS WHERE LOB_ID=96
INSERT INTO LOB_IDS VALUES(96,282,1,30)
COMMIT
/*C1*/INSERT INTO LOB_IDS VALUES(97,12,0,30)
ALTER SEQUENCE SYSTEM_LOBS.LOB_ID RESTART WITH 98
COMMIT
DELETE FROM BLOCKS WHERE BLOCK_ADDR=96
INSERT INTO BLOCKS VALUES(96,1,0)
INSERT INTO BLOCKS VALUES(97,2147483550,0)
DELETE FROM BLOCKS WHERE BLOCK_ADDR=96
INSERT INTO LOBS VALUES(96,1,0,97)
COMMIT
INSERT INTO LOB_IDS VALUES(98,473,0,30)
ALTER SEQUENCE SYSTEM_LOBS.LOB_ID RESTART WITH 99
COMMIT
DELETE FROM BLOCKS WHERE BLOCK_ADDR=97
INSERT INTO BLOCKS VALUES(97,1,0)
INSERT INTO BLOCKS VALUES(98,2147483549,0)
DELETE FROM BLOCKS WHERE BLOCK_ADDR=97
INSERT INTO LOBS VALUES(97,1,0,98)
COMMIT
/*C22*/SET SCHEMA PUBLIC
INSERT INTO DOMAIN_EVENT_ENTRY VALUES(12,'31769aca-8708-487c-a42e-fc12ff1009dc',97,98,NULL,'com.thoughtworks.domain.event.OrderItemAssociatedToSKUEvent','2017-01-18T09:54:43.878Z','0893ce67-9491-431a-8d56-2bcb20e7a9b5',1,'Order')
SET SCHEMA SYSTEM_LOBS
DELETE FROM LOB_IDS WHERE LOB_ID=97
INSERT INTO LOB_IDS VALUES(97,12,1,30)
DELETE FROM LOB_IDS WHERE LOB_ID=98
INSERT INTO LOB_IDS VALUES(98,473,1,30)
COMMIT
/*C1*/INSERT INTO LOB_IDS VALUES(99,12,0,30)
ALTER SEQUENCE SYSTEM_LOBS.LOB_ID RESTART WITH 100
COMMIT
DELETE FROM BLOCKS WHERE BLOCK_ADDR=98
INSERT INTO BLOCKS VALUES(98,1,0)
INSERT INTO BLOCKS VALUES(99,2147483548,0)
DELETE FROM BLOCKS WHERE BLOCK_ADDR=98
INSERT INTO LOBS VALUES(98,1,0,99)
COMMIT
INSERT INTO LOB_IDS VALUES(100,285,0,30)
ALTER SEQUENCE SYSTEM_LOBS.LOB_ID RESTART WITH 101
COMMIT
DELETE FROM BLOCKS WHERE BLOCK_ADDR=99
INSERT INTO BLOCKS VALUES(99,1,0)
INSERT INTO BLOCKS VALUES(100,2147483547,0)
DELETE FROM BLOCKS WHERE BLOCK_ADDR=99
INSERT INTO LOBS VALUES(99,1,0,100)
COMMIT
/*C22*/SET SCHEMA PUBLIC
INSERT INTO DOMAIN_EVENT_ENTRY VALUES(13,'a2c37e3d-f7c7-4ddf-9d6f-3e21813897f8',99,100,NULL,'com.thoughtworks.domain.event.OrderCreatedEvent','2017-01-18T10:44:33.314Z','e1f5d899-f0de-4634-8c40-a482da48700f',0,'Order')
SET SCHEMA SYSTEM_LOBS
DELETE FROM LOB_IDS WHERE LOB_ID=99
INSERT INTO LOB_IDS VALUES(99,12,1,30)
DELETE FROM LOB_IDS WHERE LOB_ID=100
INSERT INTO LOB_IDS VALUES(100,285,1,30)
COMMIT
/*C1*/INSERT INTO LOB_IDS VALUES(101,12,0,30)
ALTER SEQUENCE SYSTEM_LOBS.LOB_ID RESTART WITH 102
COMMIT
DELETE FROM BLOCKS WHERE BLOCK_ADDR=100
INSERT INTO BLOCKS VALUES(100,1,0)
INSERT INTO BLOCKS VALUES(101,2147483546,0)
DELETE FROM BLOCKS WHERE BLOCK_ADDR=100
INSERT INTO LOBS VALUES(100,1,0,101)
COMMIT
INSERT INTO LOB_IDS VALUES(102,476,0,30)
ALTER SEQUENCE SYSTEM_LOBS.LOB_ID RESTART WITH 103
COMMIT
DELETE FROM BLOCKS WHERE BLOCK_ADDR=101
INSERT INTO BLOCKS VALUES(101,1,0)
INSERT INTO BLOCKS VALUES(102,2147483545,0)
DELETE FROM BLOCKS WHERE BLOCK_ADDR=101
INSERT INTO LOBS VALUES(101,1,0,102)
COMMIT
/*C22*/SET SCHEMA PUBLIC
INSERT INTO DOMAIN_EVENT_ENTRY VALUES(14,'b772938f-ffde-45b1-bf79-04aa05051c7a',101,102,NULL,'com.thoughtworks.domain.event.OrderItemAssociatedToSKUEvent','2017-01-18T10:44:33.348Z','e1f5d899-f0de-4634-8c40-a482da48700f',1,'Order')
SET SCHEMA SYSTEM_LOBS
DELETE FROM LOB_IDS WHERE LOB_ID=101
INSERT INTO LOB_IDS VALUES(101,12,1,30)
DELETE FROM LOB_IDS WHERE LOB_ID=102
INSERT INTO LOB_IDS VALUES(102,476,1,30)
COMMIT
SET SCHEMA PUBLIC
DISCONNECT
/*C21*/SET SCHEMA PUBLIC
DISCONNECT
/*C20*/SET SCHEMA PUBLIC
DISCONNECT
/*C19*/SET SCHEMA PUBLIC
DISCONNECT
/*C18*/SET SCHEMA PUBLIC
DISCONNECT
/*C17*/SET SCHEMA PUBLIC
DISCONNECT
/*C16*/SET SCHEMA PUBLIC
DISCONNECT
/*C15*/SET SCHEMA PUBLIC
DISCONNECT
/*C14*/SET SCHEMA PUBLIC
DISCONNECT
/*C13*/SET SCHEMA PUBLIC
DISCONNECT
